<?xml version="1.0" encoding="UTF-8"?>
<testng-results ignored="0" total="1" passed="1" failed="0" skipped="0">
  <reporter-output>
  </reporter-output>
  <suite started-at="2022-11-16T18:39:19 GMT+13:00" name="Default suite" finished-at="2022-11-16T18:40:29 GMT+13:00" duration-ms="69852">
    <groups>
    </groups>
    <test started-at="2022-11-16T18:39:19 GMT+13:00" name="Default test" finished-at="2022-11-16T18:40:29 GMT+13:00" duration-ms="69852">
      <class name="com.PuthuMavan.test.Test_class">
        <test-method signature="launch_()[pri:0, instance:com.PuthuMavan.test.Test_class@393671df]" started-at="2022-11-16T18:39:19 GMT+13:00" name="launch_" finished-at="2022-11-16T18:40:29 GMT+13:00" duration-ms="69566" status="PASS">
          <reporter-output>
          </reporter-output>
        </test-method> <!-- launch_ -->
      </class> <!-- com.PuthuMavan.test.Test_class -->
    </test> <!-- Default test -->
  </suite> <!-- Default suite -->
</testng-results>
